Build started 11/4/2016 1:20:03 PM.
     1>Project "C:\Users\Meng\Desktop\CMPSC 465 Programming HW\linearTimeFibonacci\linearTimeFibonacci\linearTimeFibonacci.vcxproj" on node 2 (Build target(s)).
     1>C:\Program Files (x86)\MSBuild\Microsoft.Cpp\v4.0\V120\Microsoft.CppBuild.targets(381,5): warning MSB8028: The intermediate directory (Debug\) contains files shared from another project (linearTimeFibonacci.vcxproj).  This can lead to incorrect clean and rebuild behavior.
     1>ClCompile:
         C:\Program Files (x86)\Microsoft Visual Studio 12.0\VC\bin\CL.exe /c /ZI /nologo /W3 /WX- /sdl- /Od /Oy- /D _MBCS /Gm /EHsc /RTC1 /MDd /GS /fp:precise /Zc:wchar_t /Zc:forScope /Fo"Debug\\" /Fd"Debug\vc120.pdb" /Gd /TP /analyze- /errorReport:prompt BFS.cpp
         BFS.cpp
     1>c:\users\meng\desktop\cmpsc 465 programming hw\lineartimefibonacci\lineartimefibonacci\bfs.cpp(8): warning C4996: 'fopen': This function or variable may be unsafe. Consider using fopen_s instead. To disable deprecation, use _CRT_SECURE_NO_WARNINGS. See online help for details.
                 c:\program files (x86)\microsoft visual studio 12.0\vc\include\stdio.h(211) : see declaration of 'fopen'
     1>c:\users\meng\desktop\cmpsc 465 programming hw\lineartimefibonacci\lineartimefibonacci\bfs.cpp(16): warning C4996: 'fscanf': This function or variable may be unsafe. Consider using fscanf_s instead. To disable deprecation, use _CRT_SECURE_NO_WARNINGS. See online help for details.
                 c:\program files (x86)\microsoft visual studio 12.0\vc\include\stdio.h(230) : see declaration of 'fscanf'
     1>c:\users\meng\desktop\cmpsc 465 programming hw\lineartimefibonacci\lineartimefibonacci\bfs.cpp(17): warning C4996: 'fscanf': This function or variable may be unsafe. Consider using fscanf_s instead. To disable deprecation, use _CRT_SECURE_NO_WARNINGS. See online help for details.
                 c:\program files (x86)\microsoft visual studio 12.0\vc\include\stdio.h(230) : see declaration of 'fscanf'
     1>c:\users\meng\desktop\cmpsc 465 programming hw\lineartimefibonacci\lineartimefibonacci\bfs.cpp(19): warning C4244: '=' : conversion from 'float' to 'int', possible loss of data
     1>c:\users\meng\desktop\cmpsc 465 programming hw\lineartimefibonacci\lineartimefibonacci\bfs.cpp(26): warning C4553: '==' : operator has no effect; did you intend '='?
     1>c:\users\meng\desktop\cmpsc 465 programming hw\lineartimefibonacci\lineartimefibonacci\bfs.cpp(44): warning C4551: function call missing argument list
     1>c:\users\meng\desktop\cmpsc 465 programming hw\lineartimefibonacci\lineartimefibonacci\bfs.cpp(53): warning C4996: 'fscanf': This function or variable may be unsafe. Consider using fscanf_s instead. To disable deprecation, use _CRT_SECURE_NO_WARNINGS. See online help for details.
                 c:\program files (x86)\microsoft visual studio 12.0\vc\include\stdio.h(230) : see declaration of 'fscanf'
     1>c:\users\meng\desktop\cmpsc 465 programming hw\lineartimefibonacci\lineartimefibonacci\bfs.cpp(54): warning C4996: 'fscanf': This function or variable may be unsafe. Consider using fscanf_s instead. To disable deprecation, use _CRT_SECURE_NO_WARNINGS. See online help for details.
                 c:\program files (x86)\microsoft visual studio 12.0\vc\include\stdio.h(230) : see declaration of 'fscanf'
     1>c:\users\meng\desktop\cmpsc 465 programming hw\lineartimefibonacci\lineartimefibonacci\bfs.cpp(25): warning C4756: overflow in constant arithmetic
     1>c:\users\meng\desktop\cmpsc 465 programming hw\lineartimefibonacci\lineartimefibonacci\bfs.cpp(55): warning C4756: overflow in constant arithmetic
     1>c:\users\meng\desktop\cmpsc 465 programming hw\lineartimefibonacci\lineartimefibonacci\bfs.cpp(55): warning C4756: overflow in constant arithmetic
       Link:
         C:\Program Files (x86)\Microsoft Visual Studio 12.0\VC\bin\link.exe /ERRORREPORT:PROMPT /OUT:"C:\Users\Meng\Desktop\CMPSC 465 Programming HW\linearTimeFibonacci\Debug\CMPSC 465 Programming.exe" /INCREMENTAL /NOLOGO kernel32.lib user32.lib gdi32.lib winspool.lib comdlg32.lib advapi32.lib shell32.lib ole32.lib oleaut32.lib uuid.lib odbc32.lib odbccp32.lib /MANIFEST /MANIFESTUAC:"level='asInvoker' uiAccess='false'" /manifest:embed /DEBUG /PDB:"C:\Users\Meng\Desktop\CMPSC 465 Programming HW\linearTimeFibonacci\Debug\CMPSC 465 Programming.pdb" /SUBSYSTEM:CONSOLE /TLBID:1 /DYNAMICBASE /NXCOMPAT /IMPLIB:"C:\Users\Meng\Desktop\CMPSC 465 Programming HW\linearTimeFibonacci\Debug\CMPSC 465 Programming.lib" /MACHINE:X86 Debug\BFS.obj
         linearTimeFibonacci.vcxproj -> C:\Users\Meng\Desktop\CMPSC 465 Programming HW\linearTimeFibonacci\Debug\CMPSC 465 Programming.exe
     1>Done Building Project "C:\Users\Meng\Desktop\CMPSC 465 Programming HW\linearTimeFibonacci\linearTimeFibonacci\linearTimeFibonacci.vcxproj" (Build target(s)).

Build succeeded.

Time Elapsed 00:00:00.51
